--------------------------------- TO-DO LOG -----------------------------------
Oct 2: Need to user ComparePasswords from UserModel to ensure bcrypt comparison

Sep 24: Log in not working again. Error ENTNOT Try wrong Email or wrong Password

Sep 15: Trying to correctly redirect after logining. Check /dashboard/ , #/dashboard links


--------------------------------- LEFTOVERS ------------------------------------
Sep 14: Take care of 'Wrong Password case' when user logs in. 

Aug 7: Process error messages coming to login.html via URL GET parametrs from app.js line 120 for example. Pure JS not efficient, need to try either JQuery or create Angular app for login. 

[ ] Create Login Controller:
    [ ] when person logins for the first time by the Invite link              
        store the data and create new record for new user. 
    [ ] Launch Wizard. 
    [ ] Store all updates in Wizard, such as adding new roles.


==================================== DONE ======================================

----------------------------------- OCTOBER ----------------------------------
2: found out that I am not encrypting passwords when comparing them

1: trying to solve user redirecting user to dashboard

----------------------------------- SEPTEMBER ----------------------------------

14: Login now works. Redirecting to Dashboard. 

14: Show user's email in navbar when logged in.

ToDoLog: Aug 26: Trying to path data about logged in user to header. 
Need to create separate controller for Header. And move header back to wizard.html
http://stackoverflow.com/questions/22576110/angularjs-handling-data-outside-ng-view
................................................................................


----------------------------------- AUGUST -------------------------------------
24: user authentication


------------------------------------ JUNE --------------------------------------

19: started register form on public/partials/invite.html

18: created new partial - invite.html and made the next button work

10: 20 min. review.

8:  Animated delete role input field.

4:  Read about Jquery animation: FadeOut http://api.jquery.com/fadeOut/

1:  Added local Angular libs. Everything work again


------------------------------------ MAY --------------------------------------
May 

21: got add sampleRole plus button to add new text field with different color

22: tried to remove $scope.sampleRoles by 'delete' and 'splice'
        did not work.

23: delete one text field row in Roles page.  
        I have some alerts left from this session. 
        somehow page reloads the scope if its a link.
        if close object is <span> it remove all data but one... 

